<?xml version="1.0" encoding="UTF-8"?>
<testsuite xmlns:xsi="http://www.w3.org/2001/XMLSchema-instance" xsi:schemaLocation="https://maven.apache.org/surefire/maven-surefire-plugin/xsd/surefire-test-report.xsd" name="TestSuite" time="100.906" tests="5" errors="0" skipped="0" failures="2">
  <properties>
[...]
</properties>
  <testcase name="homePage" classname="za.co.tshimx.fnb.testcases.HomePageTest" time="0.713"/>
  <testcase name="createAccount" classname="za.co.tshimx.fnb.testcases.HomePageTest" time="5.251"/>
  <testcase name="register" classname="za.co.tshimx.fnb.testcases.HomePageTest" time="38.062">
    <failure message="Unable to locate element: //label[@class=&apos;rc-anchor-center-item rc-anchor-checkbox-label&apos;]&#10;For documentation on this error, please visit: https://www.seleniumhq.org/exceptions/no_such_element.html&#10;Build info: version: &apos;3.141.59&apos;, revision: &apos;e82be7d358&apos;, time: &apos;2018-11-14T08:17:03&apos;&#10;System info: host: &apos;MSLWNYN&apos;, ip: &apos;192.168.56.1&apos;, os.name: &apos;Windows 10&apos;, os.arch: &apos;amd64&apos;, os.version: &apos;10.0&apos;, java.version: &apos;11.0.2&apos;&#10;Driver info: org.openqa.selenium.firefox.FirefoxDriver&#10;Capabilities {acceptInsecureCerts: true, browserName: firefox, browserVersion: 72.0, javascriptEnabled: true, moz:accessibilityChecks: false, moz:buildID: 20191221003008, moz:geckodriverVersion: 0.26.0, moz:headless: false, moz:processID: 1224, moz:profile: C:\Users\Tshimologo\AppData..., moz:shutdownTimeout: 60000, moz:useNonSpecCompliantPointerOrigin: false, moz:webdriverClick: true, pageLoadStrategy: normal, platform: WINDOWS, platformName: WINDOWS, platformVersion: 10.0, rotatable: false, setWindowRect: true, strictFileInteractability: false, timeouts: {implicit: 0, pageLoad: 300000, script: 30000}, unhandledPromptBehavior: dismiss and notify}&#10;Session ID: 6fc8bc34-4941-48cb-858d-2fd1464f9671&#10;*** Element info: {Using=xpath, value=//label[@class=&apos;rc-anchor-center-item rc-anchor-checkbox-label&apos;]}" type="java.lang.AssertionError">java.lang.AssertionError: 
Unable to locate element: //label[@class='rc-anchor-center-item rc-anchor-checkbox-label']
For documentation on this error, please visit: https://www.seleniumhq.org/exceptions/no_such_element.html
Build info: version: '3.141.59', revision: 'e82be7d358', time: '2018-11-14T08:17:03'
System info: host: 'MSLWNYN', ip: '192.168.56.1', os.name: 'Windows 10', os.arch: 'amd64', os.version: '10.0', java.version: '11.0.2'
Driver info: org.openqa.selenium.firefox.FirefoxDriver
Capabilities {acceptInsecureCerts: true, browserName: firefox, browserVersion: 72.0, javascriptEnabled: true, moz:accessibilityChecks: false, moz:buildID: 20191221003008, moz:geckodriverVersion: 0.26.0, moz:headless: false, moz:processID: 1224, moz:profile: C:\Users\Tshimologo\AppData..., moz:shutdownTimeout: 60000, moz:useNonSpecCompliantPointerOrigin: false, moz:webdriverClick: true, pageLoadStrategy: normal, platform: WINDOWS, platformName: WINDOWS, platformVersion: 10.0, rotatable: false, setWindowRect: true, strictFileInteractability: false, timeouts: {implicit: 0, pageLoad: 300000, script: 30000}, unhandledPromptBehavior: dismiss and notify}
Session ID: 6fc8bc34-4941-48cb-858d-2fd1464f9671
*** Element info: {Using=xpath, value=//label[@class='rc-anchor-center-item rc-anchor-checkbox-label']}
	at za.co.tshimx.fnb.testcases.HomePageTest.register(HomePageTest.java:143)
</failure>
    <system-out><![CDATA[2019-12-26 22:43:58 INFO  BaseTest:63 - Starting the test :register  
2019-12-26 22:43:59 INFO  Version:66 - HCANN000001: Hibernate Commons Annotations {4.0.4.Final}
2019-12-26 22:43:59 INFO  Version:54 - HHH000412: Hibernate Core {4.3.5.Final}
2019-12-26 22:43:59 INFO  Environment:239 - HHH000206: hibernate.properties not found
2019-12-26 22:43:59 INFO  Environment:346 - HHH000021: Bytecode provider name : javassist
Hibernate Java Config serviceRegistry created
2019-12-26 22:43:59 WARN  DriverManagerConnectionProviderImpl:93 - HHH000402: Using Hibernate built-in connection pool (not for production use!)
2019-12-26 22:43:59 INFO  DriverManagerConnectionProviderImpl:166 - HHH000401: using driver [org.postgresql.Driver] at URL [jdbc:postgresql://localhost:5432/postgres]
2019-12-26 22:43:59 INFO  DriverManagerConnectionProviderImpl:175 - HHH000046: Connection properties: {password=****, user=postgres}
2019-12-26 22:43:59 INFO  DriverManagerConnectionProviderImpl:180 - HHH000006: Autocommit mode: false
2019-12-26 22:43:59 INFO  DriverManagerConnectionProviderImpl:102 - HHH000115: Hibernate connection pool size: 20 (min=1)
2019-12-26 22:43:59 INFO  Dialect:145 - HHH000400: Using dialect: org.hibernate.dialect.PostgreSQL81Dialect
2019-12-26 22:43:59 INFO  LobCreatorBuilder:123 - HHH000424: Disabling contextual LOB creation as createClob() method threw error : java.lang.reflect.InvocationTargetException
2019-12-26 22:43:59 INFO  TransactionFactoryInitiator:62 - HHH000399: Using default transaction strategy (direct JDBC transactions)
2019-12-26 22:43:59 INFO  ASTQueryTranslatorFactory:47 - HHH000397: Using ASTQueryTranslatorFactory
2019-12-26 22:44:00 INFO  HibernateDatabaseAccess:33 - Person found:
2019-12-26 22:44:37 ERROR BaseTest:141 - Unable to locate element: //label[@class='rc-anchor-center-item rc-anchor-checkbox-label']
For documentation on this error, please visit: https://www.seleniumhq.org/exceptions/no_such_element.html
Build info: version: '3.141.59', revision: 'e82be7d358', time: '2018-11-14T08:17:03'
System info: host: 'MSLWNYN', ip: '192.168.56.1', os.name: 'Windows 10', os.arch: 'amd64', os.version: '10.0', java.version: '11.0.2'
Driver info: org.openqa.selenium.firefox.FirefoxDriver
Capabilities {acceptInsecureCerts: true, browserName: firefox, browserVersion: 72.0, javascriptEnabled: true, moz:accessibilityChecks: false, moz:buildID: 20191221003008, moz:geckodriverVersion: 0.26.0, moz:headless: false, moz:processID: 1224, moz:profile: C:\Users\Tshimologo\AppData..., moz:shutdownTimeout: 60000, moz:useNonSpecCompliantPointerOrigin: false, moz:webdriverClick: true, pageLoadStrategy: normal, platform: WINDOWS, platformName: WINDOWS, platformVersion: 10.0, rotatable: false, setWindowRect: true, strictFileInteractability: false, timeouts: {implicit: 0, pageLoad: 300000, script: 30000}, unhandledPromptBehavior: dismiss and notify}
Session ID: 6fc8bc34-4941-48cb-858d-2fd1464f9671
*** Element info: {Using=xpath, value=//label[@class='rc-anchor-center-item rc-anchor-checkbox-label']}
]]></system-out>
  </testcase>
  <testcase name="getAPITestMethod" classname="za.co.tshimx.fnb.api.APITest" time="41.057"/>
  <testcase name="closeBrowser" classname="za.co.tshimx.fnb.testcases.HomePageTest" time="41.105">
    <failure type="java.lang.NullPointerException">java.lang.NullPointerException
</failure>
    <system-out><![CDATA[2019-12-26 22:45:18 INFO  BaseTest:100 - closeBrowser :  
]]></system-out>
  </testcase>
</testsuite>