<?xml version="1.0" encoding="UTF-8"?>
<!-- Generated by org.testng.reporters.JUnitXMLReporter -->
<testsuite ignored="0" hostname="mslwnyn" failures="0" tests="4" name="Create Account: HomePage" time="86.994" errors="0" timestamp="06 Jan 2020 12:23:33 GMT">
  <testcase classname="za.co.tshimx.fnb.testcases.HomePageTest" name="homePage" time="1.079"/>
  <testcase classname="za.co.tshimx.fnb.testcases.HomePageTest" name="createAccount" time="5.297"/>
  <testcase classname="za.co.tshimx.fnb.testcases.HomePageTest" name="register" time="39.651"/>
  <testcase classname="za.co.tshimx.fnb.api.testcases.APITest" name="getAPITestMethod" time="21.433"/>
</testsuite> <!-- Create Account: HomePage -->
